{"C:\\www\\udemy\\javascript-learning\\node\\projects\\currency-server\\src\\services\\SwapService.ts": {"path":"C:\\www\\udemy\\javascript-learning\\node\\projects\\currency-server\\src\\services\\SwapService.ts","all":false,"statementMap":{"0":{"start":{"line":1,"column":0},"end":{"line":1,"column":25}},"1":{"start":{"line":2,"column":0},"end":{"line":2,"column":22}},"2":{"start":{"line":3,"column":0},"end":{"line":3,"column":0}},"3":{"start":{"line":4,"column":0},"end":{"line":4,"column":19}},"4":{"start":{"line":5,"column":0},"end":{"line":5,"column":15}},"5":{"start":{"line":6,"column":0},"end":{"line":6,"column":13}},"6":{"start":{"line":7,"column":0},"end":{"line":7,"column":17}},"7":{"start":{"line":8,"column":0},"end":{"line":8,"column":1}},"8":{"start":{"line":9,"column":0},"end":{"line":9,"column":0}},"9":{"start":{"line":10,"column":0},"end":{"line":10,"column":26}},"10":{"start":{"line":11,"column":0},"end":{"line":11,"column":45}},"11":{"start":{"line":12,"column":0},"end":{"line":12,"column":54}},"12":{"start":{"line":13,"column":0},"end":{"line":13,"column":8}},"13":{"start":{"line":14,"column":0},"end":{"line":14,"column":39}},"14":{"start":{"line":15,"column":0},"end":{"line":15,"column":113}},"15":{"start":{"line":16,"column":0},"end":{"line":16,"column":7}},"16":{"start":{"line":17,"column":0},"end":{"line":17,"column":89}},"17":{"start":{"line":18,"column":0},"end":{"line":18,"column":73}},"18":{"start":{"line":19,"column":0},"end":{"line":19,"column":63}},"19":{"start":{"line":20,"column":0},"end":{"line":20,"column":18}},"20":{"start":{"line":21,"column":0},"end":{"line":21,"column":44}},"21":{"start":{"line":22,"column":0},"end":{"line":22,"column":70}},"22":{"start":{"line":23,"column":0},"end":{"line":23,"column":32}},"23":{"start":{"line":24,"column":0},"end":{"line":24,"column":7}},"24":{"start":{"line":25,"column":0},"end":{"line":25,"column":36}},"25":{"start":{"line":26,"column":0},"end":{"line":26,"column":19}},"26":{"start":{"line":27,"column":0},"end":{"line":27,"column":32}},"27":{"start":{"line":28,"column":0},"end":{"line":28,"column":5}},"28":{"start":{"line":29,"column":0},"end":{"line":29,"column":3}},"29":{"start":{"line":30,"column":0},"end":{"line":30,"column":1}}},"s":{"0":1,"1":1,"2":1,"3":1,"4":1,"5":1,"6":1,"7":1,"8":1,"9":1,"10":1,"11":5,"12":3,"13":3,"14":3,"15":3,"16":5,"17":5,"18":2,"19":5,"20":1,"21":1,"22":1,"23":1,"24":1,"25":1,"26":1,"27":1,"28":5,"29":1},"branchMap":{"0":{"type":"branch","line":11,"loc":{"start":{"line":11,"column":2},"end":{"line":29,"column":3}},"locations":[{"start":{"line":11,"column":2},"end":{"line":29,"column":3}}]},"1":{"type":"branch","line":12,"loc":{"start":{"line":12,"column":12},"end":{"line":12,"column":19}},"locations":[{"start":{"line":12,"column":12},"end":{"line":12,"column":19}}]},"2":{"type":"branch","line":12,"loc":{"start":{"line":12,"column":21},"end":{"line":12,"column":54}},"locations":[{"start":{"line":12,"column":21},"end":{"line":12,"column":54}}]},"3":{"type":"branch","line":13,"loc":{"start":{"line":13,"column":-2},"end":{"line":17,"column":50}},"locations":[{"start":{"line":13,"column":-2},"end":{"line":17,"column":50}}]},"4":{"type":"branch","line":17,"loc":{"start":{"line":17,"column":50},"end":{"line":17,"column":89}},"locations":[{"start":{"line":17,"column":50},"end":{"line":17,"column":89}}]},"5":{"type":"branch","line":18,"loc":{"start":{"line":18,"column":-2},"end":{"line":18,"column":34}},"locations":[{"start":{"line":18,"column":-2},"end":{"line":18,"column":34}}]},"6":{"type":"branch","line":18,"loc":{"start":{"line":18,"column":34},"end":{"line":18,"column":73}},"locations":[{"start":{"line":18,"column":34},"end":{"line":18,"column":73}}]},"7":{"type":"branch","line":19,"loc":{"start":{"line":19,"column":-2},"end":{"line":20,"column":17}},"locations":[{"start":{"line":19,"column":-2},"end":{"line":20,"column":17}}]},"8":{"type":"branch","line":20,"loc":{"start":{"line":20,"column":17},"end":{"line":28,"column":5}},"locations":[{"start":{"line":20,"column":17},"end":{"line":28,"column":5}}]},"9":{"type":"branch","line":22,"loc":{"start":{"line":22,"column":26},"end":{"line":22,"column":70}},"locations":[{"start":{"line":22,"column":26},"end":{"line":22,"column":70}}]}},"b":{"0":[5],"1":[4],"2":[2],"3":[3],"4":[1],"5":[2],"6":[0],"7":[2],"8":[1],"9":[0]},"fnMap":{"0":{"name":"execute","decl":{"start":{"line":11,"column":2},"end":{"line":29,"column":3}},"loc":{"start":{"line":11,"column":2},"end":{"line":29,"column":3}},"line":11}},"f":{"0":5}}
}
