{"C:\\www\\udemy\\javascript-learning\\node\\projects\\currency-server\\src\\useCases\\SwapCurrency\\SwapService.ts": {"path":"C:\\www\\udemy\\javascript-learning\\node\\projects\\currency-server\\src\\useCases\\SwapCurrency\\SwapService.ts","all":false,"statementMap":{"0":{"start":{"line":1,"column":0},"end":{"line":1,"column":25}},"1":{"start":{"line":2,"column":0},"end":{"line":2,"column":22}},"2":{"start":{"line":3,"column":0},"end":{"line":3,"column":74}},"3":{"start":{"line":4,"column":0},"end":{"line":4,"column":0}},"4":{"start":{"line":5,"column":0},"end":{"line":5,"column":52}},"5":{"start":{"line":6,"column":0},"end":{"line":6,"column":46}},"6":{"start":{"line":7,"column":0},"end":{"line":7,"column":54}},"7":{"start":{"line":8,"column":0},"end":{"line":8,"column":8}},"8":{"start":{"line":9,"column":0},"end":{"line":9,"column":39}},"9":{"start":{"line":10,"column":0},"end":{"line":10,"column":110}},"10":{"start":{"line":11,"column":0},"end":{"line":11,"column":7}},"11":{"start":{"line":12,"column":0},"end":{"line":12,"column":89}},"12":{"start":{"line":13,"column":0},"end":{"line":13,"column":0}},"13":{"start":{"line":14,"column":0},"end":{"line":14,"column":73}},"14":{"start":{"line":15,"column":0},"end":{"line":15,"column":0}},"15":{"start":{"line":16,"column":0},"end":{"line":16,"column":59}},"16":{"start":{"line":17,"column":0},"end":{"line":17,"column":6}},"17":{"start":{"line":18,"column":0},"end":{"line":18,"column":18}},"18":{"start":{"line":19,"column":0},"end":{"line":19,"column":41}},"19":{"start":{"line":20,"column":0},"end":{"line":20,"column":59}},"20":{"start":{"line":21,"column":0},"end":{"line":21,"column":34}},"21":{"start":{"line":22,"column":0},"end":{"line":22,"column":9}},"22":{"start":{"line":23,"column":0},"end":{"line":23,"column":7}},"23":{"start":{"line":24,"column":0},"end":{"line":24,"column":29}},"24":{"start":{"line":25,"column":0},"end":{"line":25,"column":14}},"25":{"start":{"line":26,"column":0},"end":{"line":26,"column":14}},"26":{"start":{"line":27,"column":0},"end":{"line":27,"column":5}},"27":{"start":{"line":28,"column":0},"end":{"line":28,"column":3}},"28":{"start":{"line":29,"column":0},"end":{"line":29,"column":0}},"29":{"start":{"line":30,"column":0},"end":{"line":30,"column":47}},"30":{"start":{"line":31,"column":0},"end":{"line":31,"column":25}},"31":{"start":{"line":32,"column":0},"end":{"line":32,"column":3}},"32":{"start":{"line":33,"column":0},"end":{"line":33,"column":1}}},"s":{"0":1,"1":1,"2":1,"3":1,"4":1,"5":1,"6":5,"7":3,"8":3,"9":3,"10":3,"11":5,"12":2,"13":5,"14":2,"15":2,"16":2,"17":5,"18":1,"19":1,"20":1,"21":1,"22":1,"23":1,"24":1,"25":1,"26":1,"27":5,"28":1,"29":1,"30":1,"31":1,"32":1},"branchMap":{"0":{"type":"branch","line":6,"loc":{"start":{"line":6,"column":2},"end":{"line":28,"column":3}},"locations":[{"start":{"line":6,"column":2},"end":{"line":28,"column":3}}]},"1":{"type":"branch","line":7,"loc":{"start":{"line":7,"column":12},"end":{"line":7,"column":19}},"locations":[{"start":{"line":7,"column":12},"end":{"line":7,"column":19}}]},"2":{"type":"branch","line":7,"loc":{"start":{"line":7,"column":21},"end":{"line":7,"column":54}},"locations":[{"start":{"line":7,"column":21},"end":{"line":7,"column":54}}]},"3":{"type":"branch","line":8,"loc":{"start":{"line":8,"column":-2},"end":{"line":12,"column":50}},"locations":[{"start":{"line":8,"column":-2},"end":{"line":12,"column":50}}]},"4":{"type":"branch","line":12,"loc":{"start":{"line":12,"column":50},"end":{"line":12,"column":89}},"locations":[{"start":{"line":12,"column":50},"end":{"line":12,"column":89}}]},"5":{"type":"branch","line":13,"loc":{"start":{"line":13,"column":-2},"end":{"line":14,"column":34}},"locations":[{"start":{"line":13,"column":-2},"end":{"line":14,"column":34}}]},"6":{"type":"branch","line":14,"loc":{"start":{"line":14,"column":34},"end":{"line":14,"column":73}},"locations":[{"start":{"line":14,"column":34},"end":{"line":14,"column":73}}]},"7":{"type":"branch","line":15,"loc":{"start":{"line":15,"column":-2},"end":{"line":18,"column":17}},"locations":[{"start":{"line":15,"column":-2},"end":{"line":18,"column":17}}]},"8":{"type":"branch","line":18,"loc":{"start":{"line":18,"column":17},"end":{"line":27,"column":5}},"locations":[{"start":{"line":18,"column":17},"end":{"line":27,"column":5}}]},"9":{"type":"branch","line":30,"loc":{"start":{"line":30,"column":2},"end":{"line":32,"column":3}},"locations":[{"start":{"line":30,"column":2},"end":{"line":32,"column":3}}]}},"b":{"0":[5],"1":[4],"2":[2],"3":[3],"4":[1],"5":[2],"6":[0],"7":[2],"8":[1],"9":[1]},"fnMap":{"0":{"name":"execute","decl":{"start":{"line":6,"column":2},"end":{"line":28,"column":3}},"loc":{"start":{"line":6,"column":2},"end":{"line":28,"column":3}},"line":6},"1":{"name":"calculateValue","decl":{"start":{"line":30,"column":2},"end":{"line":32,"column":3}},"loc":{"start":{"line":30,"column":2},"end":{"line":32,"column":3}},"line":30}},"f":{"0":5,"1":1}}
}
