TN:
SF:src\useCases\SwapCurrency\SwapService.ts
FN:6,execute
FN:30,calculateValue
FNF:2
FNH:2
FNDA:5,execute
FNDA:1,calculateValue
DA:1,1
DA:2,1
DA:3,1
DA:4,1
DA:5,1
DA:6,1
DA:7,5
DA:8,3
DA:9,3
DA:10,3
DA:11,3
DA:12,5
DA:13,2
DA:14,5
DA:15,2
DA:16,2
DA:17,2
DA:18,5
DA:19,1
DA:20,1
DA:21,1
DA:22,1
DA:23,1
DA:24,1
DA:25,1
DA:26,1
DA:27,1
DA:28,5
DA:29,1
DA:30,1
DA:31,1
DA:32,1
DA:33,1
LF:33
LH:33
BRDA:6,0,0,5
BRDA:7,1,0,4
BRDA:7,2,0,2
BRDA:8,3,0,3
BRDA:12,4,0,1
BRDA:13,5,0,2
BRDA:14,6,0,0
BRDA:15,7,0,2
BRDA:18,8,0,1
BRDA:30,9,0,1
BRF:10
BRH:9
end_of_record
